<?xml version="1.0" encoding="UTF-8"?>
<!-- Generated by org.testng.reporters.JUnitXMLReporter -->
<testsuite hostname="jokin" name="Default test" tests="12" failures="0" timestamp="31 May 2018 10:14:43 GMT" time="2.544" errors="0">
  <testcase name="getBookingDetailNonDirection" time="0.484" classname="testCase.GetBookingDetailNonDriectionTest"/>
  <testcase name="getBookingDetailNonDirection" time="0.563" classname="testCase.GetBookingDetailNonDriectionTest"/>
  <testcase name="getBookingDetailNonDirection" time="0.573" classname="testCase.GetBookingDetailNonDriectionTest"/>
  <testcase name="getBookingDetailNonDirection" time="0.324" classname="testCase.GetBookingDetailNonDriectionTest"/>
  <testcase name="getBookingDetailNonDirection" time="0.633" classname="testCase.GetBookingDetailNonDriectionTest"/>
  <testcase name="getBookingDetailNonDirection" time="0.384" classname="testCase.GetBookingDetailNonDriectionTest"/>
  <testcase name="getBookingDetailNonDirection" time="1.282" classname="testCase.GetBookingDetailNonDriectionTest"/>
  <testcase name="getBookingDetailNonDirection" time="1.344" classname="testCase.GetBookingDetailNonDriectionTest"/>
  <testcase name="getBookingDetailNonDirection" time="0.786" classname="testCase.GetBookingDetailNonDriectionTest"/>
  <testcase name="getBookingDetailNonDirection" time="1.343" classname="testCase.GetBookingDetailNonDriectionTest"/>
  <testcase name="getBookingDetailNonDirection" time="1.09" classname="testCase.GetBookingDetailNonDriectionTest"/>
  <testcase name="getBookingDetailNonDirection" time="1.087" classname="testCase.GetBookingDetailNonDriectionTest"/>
</testsuite> <!-- Default test -->
