<?xml version="1.0" encoding="UTF-8"?>
<!-- Generated by org.testng.reporters.JUnitXMLReporter -->
<testsuite hostname="jokin" name="Test" tests="2" failures="2" timestamp="22 May 2018 07:44:17 GMT" time="0.533" errors="0">
  <testcase name="getHuaihua" time="0.457" classname="util.TestCase">
    <failure type="java.lang.AssertionError" message="expected [怀化] but found [null]">
      <![CDATA[java.lang.AssertionError: expected [怀化] but found [null]
	at util.TestCase.resultCheck(TestCase.java:42)
	at util.TestCase.getHuaihua(TestCase.java:20)
... Removed 30 stack frames]]>
    </failure>
  </testcase> <!-- getHuaihua -->
  <testcase name="getHuitong" time="0.053" classname="util.TestCase">
    <failure type="java.lang.AssertionError" message="expected [会同] but found [null]">
      <![CDATA[java.lang.AssertionError: expected [会同] but found [null]
	at util.TestCase.resultCheck(TestCase.java:42)
	at util.TestCase.getHuitong(TestCase.java:27)
... Removed 30 stack frames]]>
    </failure>
  </testcase> <!-- getHuitong -->
</testsuite> <!-- Test -->
