<?xml version="1.0" encoding="UTF-8"?>
<testng-results skipped="0" failed="0" total="12" passed="12">
  <reporter-output>
    <line>
      <![CDATA[http://api-user.uat1.rs.com/api/user/authenticate返回： {"code":46011,"message":"验证码不正确","dataMap":{"requireCaptcha":1}}]]>
    </line>
    <line>
      <![CDATA[url: /c/order/noBookingDetail]]>
    </line>
    <line>
      <![CDATA[请求参数: {appVersion=1, idType=1, appId=c3, id=}]]>
    </line>
    <line>
      <![CDATA[http://api-user.uat1.rs.com/api/user/authenticate返回： {"code":46011,"message":"验证码不正确","dataMap":{"requireCaptcha":1}}]]>
    </line>
    <line>
      <![CDATA[url: /c/order/noBookingDetail]]>
    </line>
    <line>
      <![CDATA[请求参数: {appVersion=1, appId=c3, id=445}]]>
    </line>
    <line>
      <![CDATA[http://api-user.uat1.rs.com/api/user/authenticate返回： {"code":46011,"message":"验证码不正确","dataMap":{"requireCaptcha":1}}]]>
    </line>
    <line>
      <![CDATA[url: /c/order/noBookingDetail]]>
    </line>
    <line>
      <![CDATA[请求参数: {appVersion=1, idType=1, appId=c3}]]>
    </line>
    <line>
      <![CDATA[http://api-user.uat1.rs.com/api/user/authenticate返回： {"code":46011,"message":"验证码不正确","dataMap":{"requireCaptcha":1}}]]>
    </line>
    <line>
      <![CDATA[url: /c/order/noBookingDetail]]>
    </line>
    <line>
      <![CDATA[请求参数: {appVersion=1, idType=, appId=c3, id=445}]]>
    </line>
    <line>
      <![CDATA[http://api-user.uat1.rs.com/api/user/authenticate返回： {"code":46011,"message":"验证码不正确","dataMap":{"requireCaptcha":1}}]]>
    </line>
    <line>
      <![CDATA[url: /c/order/noBookingDetail]]>
    </line>
    <line>
      <![CDATA[请求参数: {appVersion=1, idType=k, appId=c3, id=445}]]>
    </line>
    <line>
      <![CDATA[/c/order/noBookingDetail返回： {"code":"40001","message":"参数缺失"}]]>
    </line>
    <line>
      <![CDATA[url: /c/order/noBookingDetail]]>
    </line>
    <line>
      <![CDATA[请求参数: {appVersion=1, idType=1, appId=c3, id=abc}]]>
    </line>
    <line>
      <![CDATA[http://api-user.uat1.rs.com/api/user/authenticate返回： {"code":46011,"message":"验证码不正确","dataMap":{"requireCaptcha":1}}]]>
    </line>
    <line>
      <![CDATA[url: /c/order/noBookingDetail]]>
    </line>
    <line>
      <![CDATA[http://api-user.uat1.rs.com/api/user/authenticate返回： {"code":46011,"message":"验证码不正确","dataMap":{"requireCaptcha":1}}]]>
    </line>
    <line>
      <![CDATA[url: /c/order/noBookingDetail]]>
    </line>
    <line>
      <![CDATA[请求参数: {appVersion=1, idType=1, id=445}]]>
    </line>
    <line>
      <![CDATA[请求参数: {idType=1, appId=c3, id=445}]]>
    </line>
    <line>
      <![CDATA[http://api-user.uat1.rs.com/api/user/authenticate返回： {"code":46011,"message":"验证码不正确","dataMap":{"requireCaptcha":1}}]]>
    </line>
    <line>
      <![CDATA[url: /c/order/noBookingDetail]]>
    </line>
    <line>
      <![CDATA[请求参数: {appVersion=1, idType=1, appId=c3, id=445}]]>
    </line>
    <line>
      <![CDATA[http://api-user.uat1.rs.com/api/user/authenticate返回： {"code":46011,"message":"验证码不正确","dataMap":{"requireCaptcha":1}}]]>
    </line>
    <line>
      <![CDATA[url: /c/order/noBookingDetail]]>
    </line>
    <line>
      <![CDATA[请求参数: {appVersion=1, idType=1, appId=, id=445}]]>
    </line>
    <line>
      <![CDATA[http://api-user.uat1.rs.com/api/user/authenticate返回： {"code":46011,"message":"验证码不正确","dataMap":{"requireCaptcha":1}}]]>
    </line>
    <line>
      <![CDATA[url: /c/order/noBookingDetail]]>
    </line>
    <line>
      <![CDATA[请求参数: {appVersion=, idType=1, appId=c3, id=445}]]>
    </line>
    <line>
      <![CDATA[/c/order/noBookingDetail返回： {"code":"40001","message":"参数缺失"}]]>
    </line>
    <line>
      <![CDATA[/c/order/noBookingDetail返回： {"code":"500","message":"家装服务异常:Failed to convert value of type 'java.lang.String' to required type 'java.lang.Integer'; nested exception is java.lang.NumberFormatException: For input string: \"k\""}]]>
    </line>
    <line>
      <![CDATA[/c/order/noBookingDetail返回： {"code":"500","message":"家装服务异常:Required Integer parameter 'id' is not present"}]]>
    </line>
    <line>
      <![CDATA[url: /c/order/noBookingDetail]]>
    </line>
    <line>
      <![CDATA[请求参数: {appVersion=2, idType=1, extendParam=kkkk, appId=c4, id=445}]]>
    </line>
    <line>
      <![CDATA[/c/order/noBookingDetail返回： {"code":"500","message":"家装服务异常:Required Integer parameter 'idType' is not present"}]]>
    </line>
    <line>
      <![CDATA[/c/order/noBookingDetail返回： {"code":"500","message":"家装服务异常:Failed to convert value of type 'java.lang.String' to required type 'java.lang.Integer'; nested exception is java.lang.NumberFormatException: For input string: \"abc\""}]]>
    </line>
    <line>
      <![CDATA[/c/order/noBookingDetail返回： {"code":"200","message":"获取成功","dataMap":{"orderId":445,"activityUserId":262,"companyId":191,"activityName":"红星星管家来了","orderTime":1495178789000,"activityUserTime":1490175164000,"orderTimeStr":"2017-05-19 15:26:29","orderNumber":"HD20170519152553825","userTel":"15021874195","userName":"31","orderDemandStatus":4,"orderStatus":"超时取消","orderSt":9,"message1":"抱歉,麻烦您再去看看其他预约服务吧","startDate":1487606400000,"startDateStr":"2017-02-21","endDate":1488297599000,"endDateStr":"2017-02-28","jzShopVo":{"id":10,"shopName":"正式装饰13017050401","shopLogUrl":"http://img1.uat1.rs.com/g1/M00/00/61/wKh8y1kKjq-ACtg6AAA32W74P_E198.jpg","acceptPrice":"3","shopTel":"40088866666","cityList":[null],"priceList":["8-12万"]}}}]]>
    </line>
    <line>
      <![CDATA[预期返回: {"code":200,"message":"获取成功"}]]>
    </line>
    <line>
      <![CDATA[/c/order/noBookingDetail返回： {"code":"200","message":"获取成功","dataMap":{"orderId":445,"activityUserId":262,"companyId":191,"activityName":"红星星管家来了","orderTime":1495178789000,"activityUserTime":1490175164000,"orderTimeStr":"2017-05-19 15:26:29","orderNumber":"HD20170519152553825","userTel":"15021874195","userName":"31","orderDemandStatus":4,"orderStatus":"超时取消","orderSt":9,"message1":"抱歉,麻烦您再去看看其他预约服务吧","startDate":1487606400000,"startDateStr":"2017-02-21","endDate":1488297599000,"endDateStr":"2017-02-28","jzShopVo":{"id":10,"shopName":"正式装饰13017050401","shopLogUrl":"http://img1.uat1.rs.com/g1/M00/00/61/wKh8y1kKjq-ACtg6AAA32W74P_E198.jpg","acceptPrice":"3","shopTel":"40088866666","cityList":[null],"priceList":["8-12万"]}}}]]>
    </line>
    <line>
      <![CDATA[预期返回: {"code":200,"message":"获取成功"}]]>
    </line>
    <line>
      <![CDATA[/c/order/noBookingDetail返回： {"code":"200","message":"获取成功","dataMap":{"orderId":445,"activityUserId":262,"companyId":191,"activityName":"红星星管家来了","orderTime":1495178789000,"activityUserTime":1490175164000,"orderTimeStr":"2017-05-19 15:26:29","orderNumber":"HD20170519152553825","userTel":"15021874195","userName":"31","orderDemandStatus":4,"orderStatus":"超时取消","orderSt":9,"message1":"抱歉,麻烦您再去看看其他预约服务吧","startDate":1487606400000,"startDateStr":"2017-02-21","endDate":1488297599000,"endDateStr":"2017-02-28","jzShopVo":{"id":10,"shopName":"正式装饰13017050401","shopLogUrl":"http://img1.uat1.rs.com/g1/M00/00/61/wKh8y1kKjq-ACtg6AAA32W74P_E198.jpg","acceptPrice":"3","shopTel":"40088866666","cityList":[null],"priceList":["8-12万"]}}}]]>
    </line>
    <line>
      <![CDATA[/c/order/noBookingDetail返回： {"code":"200","message":"获取成功","dataMap":{"orderId":445,"activityUserId":262,"companyId":191,"activityName":"红星星管家来了","orderTime":1495178789000,"activityUserTime":1490175164000,"orderTimeStr":"2017-05-19 15:26:29","orderNumber":"HD20170519152553825","userTel":"15021874195","userName":"31","orderDemandStatus":4,"orderStatus":"超时取消","orderSt":9,"message1":"抱歉,麻烦您再去看看其他预约服务吧","startDate":1487606400000,"startDateStr":"2017-02-21","endDate":1488297599000,"endDateStr":"2017-02-28","jzShopVo":{"id":10,"shopName":"正式装饰13017050401","shopLogUrl":"http://img1.uat1.rs.com/g1/M00/00/61/wKh8y1kKjq-ACtg6AAA32W74P_E198.jpg","acceptPrice":"3","shopTel":"40088866666","cityList":[null],"priceList":["8-12万"]}}}]]>
    </line>
    <line>
      <![CDATA[预期返回: {"code":200,"message":"获取成功"}]]>
    </line>
    <line>
      <![CDATA[预期返回: {"code":200,"message":"获取成功"}]]>
    </line>
    <line>
      <![CDATA[/c/order/noBookingDetail返回： {"code":"200","message":"获取成功","dataMap":{"orderId":445,"activityUserId":262,"companyId":191,"activityName":"红星星管家来了","orderTime":1495178789000,"activityUserTime":1490175164000,"orderTimeStr":"2017-05-19 15:26:29","orderNumber":"HD20170519152553825","userTel":"15021874195","userName":"31","orderDemandStatus":4,"orderStatus":"超时取消","orderSt":9,"message1":"抱歉,麻烦您再去看看其他预约服务吧","startDate":1487606400000,"startDateStr":"2017-02-21","endDate":1488297599000,"endDateStr":"2017-02-28","jzShopVo":{"id":10,"shopName":"正式装饰13017050401","shopLogUrl":"http://img1.uat1.rs.com/g1/M00/00/61/wKh8y1kKjq-ACtg6AAA32W74P_E198.jpg","acceptPrice":"3","shopTel":"40088866666","cityList":[null],"priceList":["8-12万"]}}}]]>
    </line>
    <line>
      <![CDATA[预期返回: {"code":200,"message":"获取成功"}]]>
    </line>
    <line>
      <![CDATA[/c/order/noBookingDetail返回： {"code":"200","message":"获取成功","dataMap":{"orderId":445,"activityUserId":262,"companyId":191,"activityName":"红星星管家来了","orderTime":1495178789000,"activityUserTime":1490175164000,"orderTimeStr":"2017-05-19 15:26:29","orderNumber":"HD20170519152553825","userTel":"15021874195","userName":"31","orderDemandStatus":4,"orderStatus":"超时取消","orderSt":9,"message1":"抱歉,麻烦您再去看看其他预约服务吧","startDate":1487606400000,"startDateStr":"2017-02-21","endDate":1488297599000,"endDateStr":"2017-02-28","jzShopVo":{"id":10,"shopName":"正式装饰13017050401","shopLogUrl":"http://img1.uat1.rs.com/g1/M00/00/61/wKh8y1kKjq-ACtg6AAA32W74P_E198.jpg","acceptPrice":"3","shopTel":"40088866666","cityList":[null],"priceList":["8-12万"]}}}]]>
    </line>
    <line>
      <![CDATA[预期返回: {"code":200,"message":"获取成功"}]]>
    </line>
  </reporter-output>
  <suite name="Default suite" duration-ms="2544" started-at="2018-05-31T10:14:41Z" finished-at="2018-05-31T10:14:43Z">
    <groups>
    </groups>
    <test name="Default test" duration-ms="2544" started-at="2018-05-31T10:14:41Z" finished-at="2018-05-31T10:14:43Z">
      <class name="testCase.GetBookingDetailNonDriectionTest">
        <test-method status="PASS" signature="beforeClass()[pri:0, instance:testCase.GetBookingDetailNonDriectionTest@15eebbff]" name="beforeClass" is-config="true" duration-ms="11" started-at="2018-05-31T18:14:41Z" finished-at="2018-05-31T18:14:41Z">
          <reporter-output>
          </reporter-output>
        </test-method> <!-- beforeClass -->
        <test-method status="PASS" signature="getBookingDetailNonDirection(java.util.Map)[pri:0, instance:testCase.GetBookingDetailNonDriectionTest@15eebbff]" name="getBookingDetailNonDirection" duration-ms="1282" started-at="2018-05-31T18:14:42Z" description="预约详情接口-非定向" data-provider="providerData" finished-at="2018-05-31T18:14:43Z">
          <params>
            <param index="0">
              <value>
                <![CDATA[{appVersion=1, idType=1, expectResult={"code":200, "message":"获取成功"}, appId=c3, id=445, url=/c/order/noBookingDetail, testName=正常传参}]]>
              </value>
            </param>
          </params>
          <reporter-output>
            <line>
              <![CDATA[url: /c/order/noBookingDetail]]>
            </line>
            <line>
              <![CDATA[请求参数: {appVersion=1, idType=1, appId=c3, id=445}]]>
            </line>
            <line>
              <![CDATA[/c/order/noBookingDetail返回： {"code":"200","message":"获取成功","dataMap":{"orderId":445,"activityUserId":262,"companyId":191,"activityName":"红星星管家来了","orderTime":1495178789000,"activityUserTime":1490175164000,"orderTimeStr":"2017-05-19 15:26:29","orderNumber":"HD20170519152553825","userTel":"15021874195","userName":"31","orderDemandStatus":4,"orderStatus":"超时取消","orderSt":9,"message1":"抱歉,麻烦您再去看看其他预约服务吧","startDate":1487606400000,"startDateStr":"2017-02-21","endDate":1488297599000,"endDateStr":"2017-02-28","jzShopVo":{"id":10,"shopName":"正式装饰13017050401","shopLogUrl":"http://img1.uat1.rs.com/g1/M00/00/61/wKh8y1kKjq-ACtg6AAA32W74P_E198.jpg","acceptPrice":"3","shopTel":"40088866666","cityList":[null],"priceList":["8-12万"]}}}]]>
            </line>
            <line>
              <![CDATA[预期返回: {"code":200,"message":"获取成功"}]]>
            </line>
          </reporter-output>
        </test-method> <!-- getBookingDetailNonDirection -->
        <test-method status="PASS" signature="getBookingDetailNonDirection(java.util.Map)[pri:0, instance:testCase.GetBookingDetailNonDriectionTest@15eebbff]" name="getBookingDetailNonDirection" duration-ms="484" started-at="2018-05-31T18:14:42Z" description="预约详情接口-非定向" data-provider="providerData" finished-at="2018-05-31T18:14:42Z">
          <params>
            <param index="0">
              <value>
                <![CDATA[{appVersion=1, idType=, expectResult=, appId=c3, id=445, url=/c/order/noBookingDetail, testName=idType为空}]]>
              </value>
            </param>
          </params>
          <reporter-output>
            <line>
              <![CDATA[url: /c/order/noBookingDetail]]>
            </line>
            <line>
              <![CDATA[请求参数: {appVersion=1, idType=, appId=c3, id=445}]]>
            </line>
            <line>
              <![CDATA[/c/order/noBookingDetail返回： {"code":"40001","message":"参数缺失"}]]>
            </line>
          </reporter-output>
        </test-method> <!-- getBookingDetailNonDirection -->
        <test-method status="PASS" signature="getBookingDetailNonDirection(java.util.Map)[pri:0, instance:testCase.GetBookingDetailNonDriectionTest@15eebbff]" name="getBookingDetailNonDirection" duration-ms="633" started-at="2018-05-31T18:14:42Z" description="预约详情接口-非定向" data-provider="providerData" finished-at="2018-05-31T18:14:43Z">
          <params>
            <param index="0">
              <value>
                <![CDATA[{appVersion=1, expectResult=, appId=c3, id=445, url=/c/order/noBookingDetail, testName=idType为null}]]>
              </value>
            </param>
          </params>
          <reporter-output>
            <line>
              <![CDATA[url: /c/order/noBookingDetail]]>
            </line>
            <line>
              <![CDATA[请求参数: {appVersion=1, appId=c3, id=445}]]>
            </line>
            <line>
              <![CDATA[/c/order/noBookingDetail返回： {"code":"500","message":"家装服务异常:Required Integer parameter 'idType' is not present"}]]>
            </line>
          </reporter-output>
        </test-method> <!-- getBookingDetailNonDirection -->
        <test-method status="PASS" signature="getBookingDetailNonDirection(java.util.Map)[pri:0, instance:testCase.GetBookingDetailNonDriectionTest@15eebbff]" name="getBookingDetailNonDirection" duration-ms="1344" started-at="2018-05-31T18:14:42Z" description="预约详情接口-非定向" data-provider="providerData" finished-at="2018-05-31T18:14:43Z">
          <params>
            <param index="0">
              <value>
                <![CDATA[{appVersion=1, idType=1, expectResult={"code":200, "message":"获取成功"}, id=445, url=/c/order/noBookingDetail, testName=appId为null}]]>
              </value>
            </param>
          </params>
          <reporter-output>
            <line>
              <![CDATA[url: /c/order/noBookingDetail]]>
            </line>
            <line>
              <![CDATA[请求参数: {appVersion=1, idType=1, id=445}]]>
            </line>
            <line>
              <![CDATA[/c/order/noBookingDetail返回： {"code":"200","message":"获取成功","dataMap":{"orderId":445,"activityUserId":262,"companyId":191,"activityName":"红星星管家来了","orderTime":1495178789000,"activityUserTime":1490175164000,"orderTimeStr":"2017-05-19 15:26:29","orderNumber":"HD20170519152553825","userTel":"15021874195","userName":"31","orderDemandStatus":4,"orderStatus":"超时取消","orderSt":9,"message1":"抱歉,麻烦您再去看看其他预约服务吧","startDate":1487606400000,"startDateStr":"2017-02-21","endDate":1488297599000,"endDateStr":"2017-02-28","jzShopVo":{"id":10,"shopName":"正式装饰13017050401","shopLogUrl":"http://img1.uat1.rs.com/g1/M00/00/61/wKh8y1kKjq-ACtg6AAA32W74P_E198.jpg","acceptPrice":"3","shopTel":"40088866666","cityList":[null],"priceList":["8-12万"]}}}]]>
            </line>
            <line>
              <![CDATA[预期返回: {"code":200,"message":"获取成功"}]]>
            </line>
          </reporter-output>
        </test-method> <!-- getBookingDetailNonDirection -->
        <test-method status="PASS" signature="getBookingDetailNonDirection(java.util.Map)[pri:0, instance:testCase.GetBookingDetailNonDriectionTest@15eebbff]" name="getBookingDetailNonDirection" duration-ms="563" started-at="2018-05-31T18:14:42Z" description="预约详情接口-非定向" data-provider="providerData" finished-at="2018-05-31T18:14:43Z">
          <params>
            <param index="0">
              <value>
                <![CDATA[{appVersion=1, idType=1, expectResult=, appId=c3, id=, url=/c/order/noBookingDetail, testName=id为空}]]>
              </value>
            </param>
          </params>
          <reporter-output>
            <line>
              <![CDATA[url: /c/order/noBookingDetail]]>
            </line>
            <line>
              <![CDATA[请求参数: {appVersion=1, idType=1, appId=c3, id=}]]>
            </line>
            <line>
              <![CDATA[/c/order/noBookingDetail返回： {"code":"40001","message":"参数缺失"}]]>
            </line>
          </reporter-output>
        </test-method> <!-- getBookingDetailNonDirection -->
        <test-method status="PASS" signature="getBookingDetailNonDirection(java.util.Map)[pri:0, instance:testCase.GetBookingDetailNonDriectionTest@15eebbff]" name="getBookingDetailNonDirection" duration-ms="573" started-at="2018-05-31T18:14:42Z" description="预约详情接口-非定向" data-provider="providerData" finished-at="2018-05-31T18:14:43Z">
          <params>
            <param index="0">
              <value>
                <![CDATA[{appVersion=1, idType=1, expectResult=, appId=c3, url=/c/order/noBookingDetail, testName=id为null}]]>
              </value>
            </param>
          </params>
          <reporter-output>
            <line>
              <![CDATA[url: /c/order/noBookingDetail]]>
            </line>
            <line>
              <![CDATA[请求参数: {appVersion=1, idType=1, appId=c3}]]>
            </line>
            <line>
              <![CDATA[/c/order/noBookingDetail返回： {"code":"500","message":"家装服务异常:Required Integer parameter 'id' is not present"}]]>
            </line>
          </reporter-output>
        </test-method> <!-- getBookingDetailNonDirection -->
        <test-method status="PASS" signature="getBookingDetailNonDirection(java.util.Map)[pri:0, instance:testCase.GetBookingDetailNonDriectionTest@15eebbff]" name="getBookingDetailNonDirection" duration-ms="1343" started-at="2018-05-31T18:14:42Z" description="预约详情接口-非定向" data-provider="providerData" finished-at="2018-05-31T18:14:43Z">
          <params>
            <param index="0">
              <value>
                <![CDATA[{appVersion=1, idType=1, expectResult={"code":200, "message":"获取成功"}, appId=, id=445, url=/c/order/noBookingDetail, testName=appId为空}]]>
              </value>
            </param>
          </params>
          <reporter-output>
            <line>
              <![CDATA[url: /c/order/noBookingDetail]]>
            </line>
            <line>
              <![CDATA[请求参数: {appVersion=1, idType=1, appId=, id=445}]]>
            </line>
            <line>
              <![CDATA[/c/order/noBookingDetail返回： {"code":"200","message":"获取成功","dataMap":{"orderId":445,"activityUserId":262,"companyId":191,"activityName":"红星星管家来了","orderTime":1495178789000,"activityUserTime":1490175164000,"orderTimeStr":"2017-05-19 15:26:29","orderNumber":"HD20170519152553825","userTel":"15021874195","userName":"31","orderDemandStatus":4,"orderStatus":"超时取消","orderSt":9,"message1":"抱歉,麻烦您再去看看其他预约服务吧","startDate":1487606400000,"startDateStr":"2017-02-21","endDate":1488297599000,"endDateStr":"2017-02-28","jzShopVo":{"id":10,"shopName":"正式装饰13017050401","shopLogUrl":"http://img1.uat1.rs.com/g1/M00/00/61/wKh8y1kKjq-ACtg6AAA32W74P_E198.jpg","acceptPrice":"3","shopTel":"40088866666","cityList":[null],"priceList":["8-12万"]}}}]]>
            </line>
            <line>
              <![CDATA[预期返回: {"code":200,"message":"获取成功"}]]>
            </line>
          </reporter-output>
        </test-method> <!-- getBookingDetailNonDirection -->
        <test-method status="PASS" signature="getBookingDetailNonDirection(java.util.Map)[pri:0, instance:testCase.GetBookingDetailNonDriectionTest@15eebbff]" name="getBookingDetailNonDirection" duration-ms="324" started-at="2018-05-31T18:14:42Z" description="预约详情接口-非定向" data-provider="providerData" finished-at="2018-05-31T18:14:43Z">
          <params>
            <param index="0">
              <value>
                <![CDATA[{appVersion=1, idType=k, expectResult=, appId=c3, id=445, url=/c/order/noBookingDetail, testName=idType不规范}]]>
              </value>
            </param>
          </params>
          <reporter-output>
            <line>
              <![CDATA[url: /c/order/noBookingDetail]]>
            </line>
            <line>
              <![CDATA[请求参数: {appVersion=1, idType=k, appId=c3, id=445}]]>
            </line>
            <line>
              <![CDATA[/c/order/noBookingDetail返回： {"code":"500","message":"家装服务异常:Failed to convert value of type 'java.lang.String' to required type 'java.lang.Integer'; nested exception is java.lang.NumberFormatException: For input string: \"k\""}]]>
            </line>
          </reporter-output>
        </test-method> <!-- getBookingDetailNonDirection -->
        <test-method status="PASS" signature="getBookingDetailNonDirection(java.util.Map)[pri:0, instance:testCase.GetBookingDetailNonDriectionTest@15eebbff]" name="getBookingDetailNonDirection" duration-ms="1090" started-at="2018-05-31T18:14:42Z" description="预约详情接口-非定向" data-provider="providerData" finished-at="2018-05-31T18:14:43Z">
          <params>
            <param index="0">
              <value>
                <![CDATA[{appVersion=, idType=1, expectResult={"code":200, "message":"获取成功"}, appId=c3, id=445, url=/c/order/noBookingDetail, testName=appVersion为空}]]>
              </value>
            </param>
          </params>
          <reporter-output>
            <line>
              <![CDATA[url: /c/order/noBookingDetail]]>
            </line>
            <line>
              <![CDATA[请求参数: {appVersion=, idType=1, appId=c3, id=445}]]>
            </line>
            <line>
              <![CDATA[/c/order/noBookingDetail返回： {"code":"200","message":"获取成功","dataMap":{"orderId":445,"activityUserId":262,"companyId":191,"activityName":"红星星管家来了","orderTime":1495178789000,"activityUserTime":1490175164000,"orderTimeStr":"2017-05-19 15:26:29","orderNumber":"HD20170519152553825","userTel":"15021874195","userName":"31","orderDemandStatus":4,"orderStatus":"超时取消","orderSt":9,"message1":"抱歉,麻烦您再去看看其他预约服务吧","startDate":1487606400000,"startDateStr":"2017-02-21","endDate":1488297599000,"endDateStr":"2017-02-28","jzShopVo":{"id":10,"shopName":"正式装饰13017050401","shopLogUrl":"http://img1.uat1.rs.com/g1/M00/00/61/wKh8y1kKjq-ACtg6AAA32W74P_E198.jpg","acceptPrice":"3","shopTel":"40088866666","cityList":[null],"priceList":["8-12万"]}}}]]>
            </line>
            <line>
              <![CDATA[预期返回: {"code":200,"message":"获取成功"}]]>
            </line>
          </reporter-output>
        </test-method> <!-- getBookingDetailNonDirection -->
        <test-method status="PASS" signature="getBookingDetailNonDirection(java.util.Map)[pri:0, instance:testCase.GetBookingDetailNonDriectionTest@15eebbff]" name="getBookingDetailNonDirection" duration-ms="1087" started-at="2018-05-31T18:14:42Z" description="预约详情接口-非定向" data-provider="providerData" finished-at="2018-05-31T18:14:43Z">
          <params>
            <param index="0">
              <value>
                <![CDATA[{idType=1, expectResult={"code":200, "message":"获取成功"}, appId=c3, id=445, url=/c/order/noBookingDetail, testName=appVersion为null}]]>
              </value>
            </param>
          </params>
          <reporter-output>
            <line>
              <![CDATA[url: /c/order/noBookingDetail]]>
            </line>
            <line>
              <![CDATA[请求参数: {idType=1, appId=c3, id=445}]]>
            </line>
            <line>
              <![CDATA[/c/order/noBookingDetail返回： {"code":"200","message":"获取成功","dataMap":{"orderId":445,"activityUserId":262,"companyId":191,"activityName":"红星星管家来了","orderTime":1495178789000,"activityUserTime":1490175164000,"orderTimeStr":"2017-05-19 15:26:29","orderNumber":"HD20170519152553825","userTel":"15021874195","userName":"31","orderDemandStatus":4,"orderStatus":"超时取消","orderSt":9,"message1":"抱歉,麻烦您再去看看其他预约服务吧","startDate":1487606400000,"startDateStr":"2017-02-21","endDate":1488297599000,"endDateStr":"2017-02-28","jzShopVo":{"id":10,"shopName":"正式装饰13017050401","shopLogUrl":"http://img1.uat1.rs.com/g1/M00/00/61/wKh8y1kKjq-ACtg6AAA32W74P_E198.jpg","acceptPrice":"3","shopTel":"40088866666","cityList":[null],"priceList":["8-12万"]}}}]]>
            </line>
            <line>
              <![CDATA[预期返回: {"code":200,"message":"获取成功"}]]>
            </line>
          </reporter-output>
        </test-method> <!-- getBookingDetailNonDirection -->
        <test-method status="PASS" signature="getBookingDetailNonDirection(java.util.Map)[pri:0, instance:testCase.GetBookingDetailNonDriectionTest@15eebbff]" name="getBookingDetailNonDirection" duration-ms="384" started-at="2018-05-31T18:14:42Z" description="预约详情接口-非定向" data-provider="providerData" finished-at="2018-05-31T18:14:43Z">
          <params>
            <param index="0">
              <value>
                <![CDATA[{appVersion=1, idType=1, expectResult=, appId=c3, id=abc, url=/c/order/noBookingDetail, testName=id不规范}]]>
              </value>
            </param>
          </params>
          <reporter-output>
            <line>
              <![CDATA[url: /c/order/noBookingDetail]]>
            </line>
            <line>
              <![CDATA[请求参数: {appVersion=1, idType=1, appId=c3, id=abc}]]>
            </line>
            <line>
              <![CDATA[/c/order/noBookingDetail返回： {"code":"500","message":"家装服务异常:Failed to convert value of type 'java.lang.String' to required type 'java.lang.Integer'; nested exception is java.lang.NumberFormatException: For input string: \"abc\""}]]>
            </line>
          </reporter-output>
        </test-method> <!-- getBookingDetailNonDirection -->
        <test-method status="PASS" signature="getBookingDetailNonDirection(java.util.Map)[pri:0, instance:testCase.GetBookingDetailNonDriectionTest@15eebbff]" name="getBookingDetailNonDirection" duration-ms="786" started-at="2018-05-31T18:14:43Z" description="预约详情接口-非定向" data-provider="providerData" finished-at="2018-05-31T18:14:43Z">
          <params>
            <param index="0">
              <value>
                <![CDATA[{appVersion=2, idType=1, expectResult={"code":200, "message":"获取成功"}, extendParam=kkkk, appId=c4, id=445, url=/c/order/noBookingDetail, testName=增加冗余参数}]]>
              </value>
            </param>
          </params>
          <reporter-output>
            <line>
              <![CDATA[url: /c/order/noBookingDetail]]>
            </line>
            <line>
              <![CDATA[请求参数: {appVersion=2, idType=1, extendParam=kkkk, appId=c4, id=445}]]>
            </line>
            <line>
              <![CDATA[/c/order/noBookingDetail返回： {"code":"200","message":"获取成功","dataMap":{"orderId":445,"activityUserId":262,"companyId":191,"activityName":"红星星管家来了","orderTime":1495178789000,"activityUserTime":1490175164000,"orderTimeStr":"2017-05-19 15:26:29","orderNumber":"HD20170519152553825","userTel":"15021874195","userName":"31","orderDemandStatus":4,"orderStatus":"超时取消","orderSt":9,"message1":"抱歉,麻烦您再去看看其他预约服务吧","startDate":1487606400000,"startDateStr":"2017-02-21","endDate":1488297599000,"endDateStr":"2017-02-28","jzShopVo":{"id":10,"shopName":"正式装饰13017050401","shopLogUrl":"http://img1.uat1.rs.com/g1/M00/00/61/wKh8y1kKjq-ACtg6AAA32W74P_E198.jpg","acceptPrice":"3","shopTel":"40088866666","cityList":[null],"priceList":["8-12万"]}}}]]>
            </line>
            <line>
              <![CDATA[预期返回: {"code":200,"message":"获取成功"}]]>
            </line>
          </reporter-output>
        </test-method> <!-- getBookingDetailNonDirection -->
      </class> <!-- testCase.GetBookingDetailNonDriectionTest -->
    </test> <!-- Default test -->
  </suite> <!-- Default suite -->
</testng-results>
