<?xml version="1.0" encoding="UTF-8"?>
<testng-results skipped="0" failed="0" total="1" passed="1">
  <reporter-output>
  </reporter-output>
  <suite name="Default suite" duration-ms="4014" started-at="2018-06-01T05:24:21Z" finished-at="2018-06-01T05:24:25Z">
    <groups>
    </groups>
    <test name="Default test" duration-ms="4014" started-at="2018-06-01T05:24:21Z" finished-at="2018-06-01T05:24:25Z">
      <class name="aboutRestAssured.HxAppTest">
        <test-method status="PASS" signature="beforeClass()[pri:0, instance:aboutRestAssured.HxAppTest@7494e528]" name="beforeClass" is-config="true" duration-ms="380" started-at="2018-06-01T13:24:21Z" finished-at="2018-06-01T13:24:21Z">
          <reporter-output>
          </reporter-output>
        </test-method> <!-- beforeClass -->
        <test-method status="PASS" signature="testDecoration()[pri:0, instance:aboutRestAssured.HxAppTest@7494e528]" name="testDecoration" duration-ms="3596" started-at="2018-06-01T13:24:21Z" finished-at="2018-06-01T13:24:25Z">
          <reporter-output>
          </reporter-output>
        </test-method> <!-- testDecoration -->
      </class> <!-- aboutRestAssured.HxAppTest -->
    </test> <!-- Default test -->
  </suite> <!-- Default suite -->
</testng-results>
